Resolving dependencies...
Downloading packages...
  characters 1.4.0 (1.4.1 available)
  connectivity_plus 6.1.5 (7.0.0 available)
  fl_chart 0.65.0 (1.1.1 available)
  flutter_lints 5.0.0 (6.0.0 available)
  flutter_riverpod 2.6.1 (3.1.0 available)
  fluttertoast 8.2.14 (9.0.0 available)
  go_router 13.2.5 (17.0.1 available)
  intl 0.19.0 (0.20.2 available)
  lints 5.1.1 (6.0.0 available)
  matcher 0.12.17 (0.12.18 available)
  material_color_utilities 0.11.1 (0.13.0 available)
  riverpod 2.6.1 (3.1.0 available)
  sizer 2.0.15 (3.1.3 available)
  test_api 0.7.7 (0.7.8 available)
Got dependencies!
14 packages have newer versions incompatible with dependency constraints.
Try `flutter pub outdated` for more information.
Running Gradle task 'assembleRelease'...                        
Expected to find fonts for (MaterialIcons, packages/cupertino_icons/CupertinoIcons), but found (MaterialIcons). This usually means you are referring to font families in an IconData class but not including them in the assets section of your pubspec.yaml, are missing the package that would include them, or are missing "uses-material-design: true".
Font asset "MaterialIcons-Regular.otf" was tree-shaken, reducing it from 1645184 to 11328 bytes (99.3% reduction). Tree-shaking can be disabled by providing the --no-tree-shake-icons flag when building your app.
flutter : 
En línea: 1 Carácter: 1
+ flutter build apk --release > 
build_log_5.txt 2>&1
+ ~~~~~~~~~~~~~~~~~~~~~~~~~~~~~~~~~~~~~~~~~~~
~~~~~~~
    + CategoryInfo          : NotSpecified:  
   (:String) [], RemoteException
    + FullyQualifiedErrorId : NativeCommandE 
   rror
 
FAILURE: Build failed with an exception.

* What went wrong:
Execution failed for task 
':app:mergeReleaseResources'.
> Multiple task action failures occurred:
   > A failure occurred while executing com.a
ndroid.build.gradle.internal.res.Aapt2Compile
Runnable
      > Android resource compilation failed
        ERROR: C:\Users\Zbook\Desktop\Conecta
APP\conecta_plus_app\android\app\src\main\res
\mipmap-mdpi\ic_launcher.png: AAPT: error: 
file failed to compile.

   > A failure occurred while executing com.a
ndroid.build.gradle.internal.res.Aapt2Compile
Runnable
      > Android resource compilation failed
        ERROR: C:\Users\Zbook\Desktop\Conecta
APP\conecta_plus_app\android\app\src\main\res
\mipmap-xxhdpi\ic_launcher.png: AAPT: error: 
file failed to compile.

   > A failure occurred while executing com.a
ndroid.build.gradle.internal.res.Aapt2Compile
Runnable
      > Android resource compilation failed
        ERROR: C:\Users\Zbook\Desktop\Conecta
APP\conecta_plus_app\android\app\src\main\res
\mipmap-xxxhdpi\ic_launcher.png: AAPT: 
error: file failed to compile.

   > A failure occurred while executing com.a
ndroid.build.gradle.internal.res.Aapt2Compile
Runnable
      > Android resource compilation failed
        ERROR: C:\Users\Zbook\Desktop\Conecta
APP\conecta_plus_app\android\app\src\main\res
\mipmap-xhdpi\ic_launcher.png: AAPT: error: 
file failed to compile.

   > A failure occurred while executing com.a
ndroid.build.gradle.internal.res.Aapt2Compile
Runnable
      > Android resource compilation failed
        ERROR: C:\Users\Zbook\Desktop\Conecta
APP\conecta_plus_app\android\app\src\main\res
\mipmap-hdpi\ic_launcher.png: AAPT: error: 
file failed to compile.


* Try:
> Run with --stacktrace option to get the 
stack trace.
> Run with --info or --debug option to get 
more log output.
> Run with --scan to get full insights.
> Get more help at https://help.gradle.org.

BUILD FAILED in 41s
Running Gradle task 'assembleRelease'...                           41,5s
Gradle task assembleRelease failed with exit 
code 1
